[11:12:18] [main/INFO]: Loading for game Minecraft 1.15.2
[11:12:18] [main/INFO]: [FabricLoader] Loading 37 mods: fabric-networking-blockentity-v0@0.2.3+e08a73050c, minecraft@1.15.2, fabric-renderer-api-v1@0.2.10+f08b61330c, fabric-keybindings-v0@0.1.1+dfdb52d60c, modmenu@1.10.2+build.32, cloth-basic-math@0.4.1, fabricloader@0.8.2+build.194, fabric-renderer-indigo@0.2.23+9290e2ed0c, fabric-containers-v0@0.1.3+b7f9825d0c, fabric-dimensions-v1@0.3.0+2ad156310c, fabric-biomes-v1@0.1.5+3b05f68e0c, fabric-crash-report-info-v1@0.1.2+b7f9825d0c, fabric-events-interaction-v0@0.3.0+fac69e320c, fabric-api-base@0.1.2+b7f9825d0c, fabric-rendering-v0@1.1.0+534104900c, fabric-rendering-v1@0.1.0+534104900c, cloth-config2@2.11.2, fabric-rendering-data-attachment-v1@0.1.3+b7f9825d0c, fabric-resource-loader-v0@0.1.10+06c939b30c, fabric-textures-v0@1.0.4+821cdba70c, fabric-content-registries-v0@0.1.3+b7f9825d0c, fabric-tag-extensions-v0@0.1.3+abd915800c, mctouchbar@${version}, fabric-rendering-fluids-v1@0.1.6+12515ed90c, fabric-registry-sync-v0@0.2.6+f3d8141b0c, fabric-commands-v0@0.1.2+b7f9825d0c, fabric-blockrenderlayer-v1@1.1.4+c6a8ea890c, fabric-mining-levels-v0@0.1.1+b7f9825d0c, fabric-renderer-registries-v1@2.0.1+5a0f9a600c, fabric-loot-tables-v1@0.1.5+e08a73050c, fabric-events-lifecycle-v0@0.1.2+b7f9825d0c, fabric@0.5.1+build.294-1.15, fabric-models-v0@0.1.0+dfdb52d60c, fabric-item-groups-v0@0.1.6+ec40b2e10c, fabric-particles-v1@0.1.1+dfdb52d60c, fabric-object-builders-v0@0.1.3+e4c9a9c30c, fabric-networking-v0@0.1.7+12515ed90c
[11:12:18] [main/WARN]: Mod `mctouchbar` (${version}) does not respect SemVer - comparison support is limited.
[11:12:18] [main/INFO]: SpongePowered MIXIN Subsystem Version=0.8 Source=file:/Users/dominikdumas/.gradle/caches/modules-2/files-2.1/net.fabricmc/sponge-mixin/0.8+build.18/af077ad2845a00cde186fa2c99c4dd32bd2a2766/sponge-mixin-0.8+build.18.jar Service=Knot/Fabric Env=CLIENT
[11:12:19] [main/INFO]: Loaded Fabric development mappings for mixin remapper!
[11:12:19] [main/INFO]: Remapping refMap fabric-networking-v0-refmap.json using remapper chain
[11:12:19] [main/INFO]: Remapping refMap fabric-networking-blockentity-v0-refmap.json using remapper chain
[11:12:19] [main/INFO]: Remapping refMap fabric-biomes-v1-refmap.json using remapper chain
[11:12:19] [main/INFO]: Remapping refMap fabric-mining-levels-v0-refmap.json using remapper chain
[11:12:19] [main/INFO]: Remapping refMap fabric-containers-v0-refmap.json using remapper chain
[11:12:19] [main/INFO]: Remapping refMap fabric-renderer-indigo-refmap.json using remapper chain
[11:12:19] [main/INFO]: Remapping refMap fabric-rendering-data-attachment-v1-refmap.json using remapper chain
[11:12:19] [main/INFO]: Remapping refMap fabric-events-interaction-v0-refmap.json using remapper chain
[11:12:19] [main/INFO]: Remapping refMap fabric-loot-tables-v1-refmap.json using remapper chain
[11:12:19] [main/INFO]: Remapping refMap fabric-dimensions-v1-refmap.json using remapper chain
[11:12:19] [main/INFO]: Remapping refMap fabric-renderer-registries-v1-refmap.json using remapper chain
[11:12:19] [main/INFO]: Remapping refMap fabric-textures-v0-refmap.json using remapper chain
[11:12:19] [main/INFO]: Remapping refMap fabric-registry-sync-v0-refmap.json using remapper chain
[11:12:19] [main/INFO]: Remapping refMap fabric-models-v0-refmap.json using remapper chain
[11:12:19] [main/INFO]: Remapping refMap fabric-keybindings-v0-refmap.json using remapper chain
[11:12:19] [main/INFO]: Remapping refMap fabric-blockrenderlayer-v1-refmap.json using remapper chain
[11:12:19] [main/INFO]: Remapping refMap fabric-renderer-api-v1-refmap.json using remapper chain
[11:12:19] [main/INFO]: Remapping refMap fabric-containers-v0-refmap.json using remapper chain
[11:12:19] [main/INFO]: Remapping refMap fabric-events-lifecycle-v0-refmap.json using remapper chain
[11:12:19] [main/INFO]: Remapping refMap fabric-rendering-fluids-v1-refmap.json using remapper chain
[11:12:19] [main/INFO]: Remapping refMap fabric-resource-loader-v0-refmap.json using remapper chain
[11:12:19] [main/INFO]: Remapping refMap fabric-particles-v1-refmap.json using remapper chain
[11:12:19] [main/INFO]: Remapping refMap fabric-object-builders-refmap.json using remapper chain
[11:12:19] [main/INFO]: Remapping refMap fabric-tag-extensions-v0-refmap.json using remapper chain
[11:12:19] [main/INFO]: Remapping refMap fabric-rendering-v1-refmap.json using remapper chain
[11:12:19] [main/INFO]: Remapping refMap fabric-item-groups-v0-refmap.json using remapper chain
[11:12:19] [main/INFO]: Remapping refMap fabric-content-registries-v0-refmap.json using remapper chain
[11:12:19] [main/INFO]: Remapping refMap config-2-refmap.json using remapper chain
[11:12:19] [main/INFO]: Remapping refMap fabric-crash-report-info-v1-refmap.json using remapper chain
[11:12:19] [main/INFO]: Remapping refMap fabric-commands-v0-refmap.json using remapper chain
[11:12:19] [main/INFO]: Remapping refMap fabric-renderer-api-v1-refmap.json using remapper chain
[11:12:19] [main/INFO]: Remapping refMap modmenu.refmap.json using remapper chain
[11:12:20] [main/INFO]: Setting user: Player356
[11:12:23] [main/INFO]: [Indigo] Registering Indigo renderer!
[11:12:23] [main/INFO]: Backend library: LWJGL version 3.2.1 build 12
[11:12:27] [main/INFO]: Reloading ResourceManager: Default, Fabric Networking Block Entity (v0), Fabric Renderer API (v1), Fabric Key Bindings (v0), Mod Menu, Fabric Renderer - Indigo, Fabric Containers (v0), Fabric Biomes (v1), Fabric Crash Report Info (v1), Fabric Events Interaction (v0), Fabric API Base, Fabric Rendering (v0), Fabric Rendering (v1), Cloth Config v2, Fabric Rendering Data Attachment (v1), Fabric Resource Loader (v0), Fabric Textures (v0), Fabric Content Registries (v0), Fabric Tag Extensions (v0), MCTouchbar, Fabric Rendering Fluids (v1), Fabric Registry Sync (v0), Fabric Commands (v0), Fabric BlockRenderLayer Registration (v1), Fabric Mining Levels (v0), Fabric Renderer Registries (v1), Fabric Loot Tables (v1), Fabric Events Lifecycle (v0), Fabric API, Fabric Models (v0), Fabric Item Groups (v0), Fabric Object Builders (v0), Fabric Networking (v0)
[11:12:30] [main/INFO]: OpenAL initialized.
[11:12:30] [main/INFO]: Sound engine started
[11:12:30] [main/INFO]: Created: 1024x1024x4 minecraft:textures/atlas/blocks.png-atlas
[11:12:30] [main/INFO]: Created: 256x128x4 minecraft:textures/atlas/signs.png-atlas
[11:12:30] [main/INFO]: Created: 1024x512x4 minecraft:textures/atlas/banner_patterns.png-atlas
[11:12:30] [main/INFO]: Created: 1024x512x4 minecraft:textures/atlas/shield_patterns.png-atlas
[11:12:30] [main/INFO]: Created: 256x256x4 minecraft:textures/atlas/chest.png-atlas
[11:12:30] [main/INFO]: Created: 512x256x4 minecraft:textures/atlas/beds.png-atlas
[11:12:30] [main/INFO]: Created: 512x256x4 minecraft:textures/atlas/shulker_boxes.png-atlas
[11:12:31] [main/INFO]: Created: 256x256x0 minecraft:textures/atlas/particles.png-atlas
[11:12:31] [main/INFO]: Created: 256x256x0 minecraft:textures/atlas/paintings.png-atlas
[11:12:31] [main/INFO]: Created: 256x128x0 minecraft:textures/atlas/mob_effects.png-atlas
[11:12:32] [Realms Notification Availability checker #1/INFO]: Could not authorize you against Realms server: Invalid session id
[11:12:35] [main/INFO]: Stopping!
